<?xml version="1.0" encoding="UTF-8"?>
<testsuite name="Log in to the tasks evalart platform, calculate the position in the array" tests="1" skipped="0" failures="1" errors="0" timestamp="2023-01-26T08:59:19" hostname="DESKTOP-ONJ7MUI" time="52.03">
  <properties/>
  <testcase name="Select position in the array" classname="Log in to the tasks evalart platform, calculate the position in the array" time="52.03">
    <failure message="java.lang.AssertionError: &#10;Expected: an element that is currently visible&#10;     but: no matching element found by xpath: //button[@value='158'] was not visible" type="java.lang.AssertionError">java.lang.AssertionError: 
Expected: an element that is currently visible
     but: no matching element found by xpath: //button[@value='158'] was not visible
	at net.serenitybdd.screenplay.ErrorTally.throwSummaryExceptionFrom(ErrorTally.java:36)
	at net.serenitybdd.screenplay.ErrorTally.reportAnyErrors(ErrorTally.java:30)
	at net.serenitybdd.screenplay.Actor.should(Actor.java:316)
	at net.serenitybdd.screenplay.waits.WaitUntilBuilder$1.performAs(WaitUntilBuilder.java:29)
	at net.serenitybdd.screenplay.Actor.performTask(Actor.java:248)
	at net.serenitybdd.screenplay.Actor.perform(Actor.java:229)
	at net.serenitybdd.screenplay.Actor.performSilently(Actor.java:209)
	at net.serenitybdd.screenplay.Actor.attemptsTo(Actor.java:171)
	at co.com.reto.bancolombia.tasks.CalculatePosition.performAs(CalculatePosition.java:25)
	at co.com.reto.bancolombia.tasks.CalculatePosition$ByteBuddy$s65rjpdq.performAs$accessor$ChaBHNTV(Unknown Source)
	at sun.reflect.NativeMethodAccessorImpl.invoke0(Native Method)
	at sun.reflect.NativeMethodAccessorImpl.invoke(NativeMethodAccessorImpl.java:62)
	at sun.reflect.DelegatingMethodAccessorImpl.invoke(DelegatingMethodAccessorImpl.java:43)
	at java.lang.reflect.Method.invoke(Method.java:498)
	at net.thucydides.core.steps.StepInterceptor.invokeMethod(StepInterceptor.java:504)
	at net.thucydides.core.steps.StepInterceptor.executeTestStepMethod(StepInterceptor.java:484)
	at net.thucydides.core.steps.StepInterceptor.runTestStep(StepInterceptor.java:458)
	at net.thucydides.core.steps.StepInterceptor.runOrSkipMethod(StepInterceptor.java:210)
	at net.thucydides.core.steps.StepInterceptor.testStepResult(StepInterceptor.java:197)
	at net.thucydides.core.steps.StepInterceptor.intercept(StepInterceptor.java:85)
	at net.thucydides.core.steps.ProxyConfiguration$InterceptorDispatcher.intercept(ProxyConfiguration.java:51)
	at co.com.reto.bancolombia.tasks.CalculatePosition$ByteBuddy$s65rjpdq.performAs(Unknown Source)
	at net.serenitybdd.screenplay.Actor.performTask(Actor.java:248)
	at net.serenitybdd.screenplay.Actor.perform(Actor.java:229)
	at net.serenitybdd.screenplay.Actor.attemptsTo(Actor.java:175)
	at co.com.reto.bancolombia.stepdefinitions.CyclesStepDefinition.iCalculatePositionOfTheNumberInTheArrayInAllCycles(CyclesStepDefinition.java:34)
	at ✽.i calculate position of the number in the array in all cycles(file:///C:/Users/MauricioLeal/Documents/Choucair/Continuoustraining/Prueba%20Bancolombia/co.com.reto.bancolombia/src/test/resources/features/number_array.feature:7)
</failure>
  </testcase>
  <system-out><![CDATA[]]></system-out>
  <system-err><![CDATA[[Test worker] INFO io.cucumber.core.plugin.SerenityReporter - Running feature from file:///C:/Users/MauricioLeal/Documents/Choucair/Continuoustraining/Prueba%20Bancolombia/co.com.reto.bancolombia/src/test/resources/features/number_array.feature
[Test worker] INFO  - 
  _____   ___   ___   _____     ___   _____     _     ___   _____   ___   ___  
 |_   _| | __| / __| |_   _|   / __| |_   _|   /_\   | _ \ |_   _| | __| |   \ 
   | |   | _|  \__ \   | |     \__ \   | |    / _ \  |   /   | |   | _|  | |) |
   |_|   |___| |___/   |_|     |___/   |_|   /_/ \_\ |_|_\   |_|   |___| |___/ 

Select position in the array(log-in-to-the-tasks-evalart-platform--calculate-the-position-in-the-array;select-position-in-the-array)
--------------------------------------------------------------------------------
[Test worker] INFO net.thucydides.core.model.TestOutcome - SetUserStory Log in to the tasks evalart platform, calculate the position in the array
[Test worker] INFO net.thucydides.core.model.TestOutcome - SetUserStory Log in to the tasks evalart platform, calculate the position in the array
[Test worker] INFO net.serenitybdd.core.webdriver.driverproviders.ChromeDriverProvider - Using automatically driver download
[Test worker] INFO io.github.bonigarcia.wdm.WebDriverManager - Using chromedriver 109.0.5414.74 (resolved driver for Chrome 109)
[Test worker] INFO io.github.bonigarcia.wdm.WebDriverManager - Exporting webdriver.chrome.driver as C:\Users\MauricioLeal\.cache\selenium\chromedriver\win32\109.0.5414.74\chromedriver.exe
[Test worker] INFO net.serenitybdd.core.webdriver.driverproviders.ProvideNewDriver - Instantiating driver
[Test worker] INFO net.serenitybdd.core.webdriver.driverproviders.ProvideNewDriver - Driver capabilities: Capabilities {acceptInsecureCerts: false, browserName: chrome, chrome.driver: src/test/resources/driver/c..., driver: chrome, firefox.driver: src/test/resources/drivers/..., goog:chromeOptions: {args: [--no-sandbox, --laging=es, --incognito, --disable-download-notifica..., --start-maximized, --test-type, --ignore-certificate-errors, --allow-running-insecure-co..., --disable-translate, --always-authorize-plugins], extensions: []}, ie.driver: src/test/resources/drivers/..., loggingPrefs: org.openqa.selenium.logging..., timeouts.implicitlywait: 10000}
Starting ChromeDriver 109.0.5414.74 (e7c5703604daa9cc128ccf5a5d3e993513758913-refs/branch-heads/5414@{#1172}) on port 23445
Only local connections are allowed.
Please see https://chromedriver.chromium.org/security-considerations for suggestions on keeping ChromeDriver safe.
ChromeDriver was started successfully.
ene 26, 2023 3:59:33 AM org.openqa.selenium.remote.ProtocolHandshake createSession
INFORMACIÓN: Detected dialect: W3C
[Test worker] ERROR  - 
  _____   ___   ___   _____     ___     _     ___   _      ___   ___  
 |_   _| | __| / __| |_   _|   | __|   /_\   |_ _| | |    | __| |   \ 
   | |   | _|  \__ \   | |     | _|   / _ \   | |  | |__  | _|  | |) |
   |_|   |___| |___/   |_|     |_|   /_/ \_\ |___| |____| |___| |___/ 

Select position in the array
-----------------------------------------------------------------------
[Test worker] ERROR  -     Test failed at step: Mauricio calculate position
[Test worker] ERROR  -     Expected: an element that is currently visible but: no matching element found by xpath: //button[@value='158'] was not visible
ene 26, 2023 4:00:11 AM org.openqa.selenium.os.OsProcess destroy
GRAVE: Unable to kill process java.lang.ProcessImpl@92ba23b
]]></system-err>
</testsuite>
